<?xml version="1.0" encoding="UTF-8"?>
<!-- Generated by org.testng.reporters.JUnitReportReporter -->
<testsuite hostname="DESKTOP-NH1NI8H" failures="0" tests="1" name="testcase.test" time="5.807" errors="0" timestamp="2022-12-06T17:55:51 IST" skipped="0">
  <testcase classname="testcase.test" name="method1" time="5.807"/>
  <system-out/>
</testsuite> <!-- testcase.test -->
