<?xml version="1.0" encoding="UTF-8"?>
<!-- Generated by org.testng.reporters.JUnitReportReporter -->
<testsuite hostname="DESKTOP-NH1NI8H" failures="0" tests="1" name="testcase.LoginTestCase" time="5.688" errors="0" timestamp="2022-12-08T19:39:26 IST" skipped="0">
  <testcase classname="testcase.LoginTestCase" name="login" time="5.688"/>
  <system-out/>
</testsuite> <!-- testcase.LoginTestCase -->
